<?xml version="1.0" encoding="UTF-8"?>
<!-- Generated by org.testng.reporters.JUnitXMLReporter -->
<testsuite hostname="LAPTOP-D2ATB4FR" ignored="0" name="Flipkart Test" tests="4" failures="0" timestamp="04 Jul 2020 14:40:24 GMT" time="115.026" errors="0">
  <testcase name="login" time="43.894" classname="pkjTestCasesClasses.Test_Check_Login_To_Flipkart"/>
  <testcase name="login" time="43.894" classname="pkjTestCasesClasses.Test_Login_To_Flipkart"/>
  <testcase name="login" time="43.599" classname="pkjTestCasesClasses.Test_Login_To_Flipkart"/>
  <testcase name="login" time="43.599" classname="pkjTestCasesClasses.Test_Check_Login_To_Flipkart"/>
</testsuite> <!-- Flipkart Test -->
