<?xml version="1.0" encoding="UTF-8"?>
<!-- Generated by org.testng.reporters.JUnitXMLReporter -->
<testsuite hostname="LAPTOP-D2ATB4FR" ignored="0" name="Flipkart Test" tests="4" failures="0" timestamp="22 Jul 2020 06:32:38 GMT" time="113.007" errors="0">
  <testcase name="login" time="44.365" classname="pkjTestCasesClasses.Test_Login_To_Flipkart"/>
  <testcase name="login" time="44.155" classname="pkjTestCasesClasses.Test_Check_Login_To_Flipkart"/>
  <testcase name="login" time="44.216" classname="pkjTestCasesClasses.Test_Login_To_Flipkart"/>
  <testcase name="login" time="44.364" classname="pkjTestCasesClasses.Test_Check_Login_To_Flipkart"/>
</testsuite> <!-- Flipkart Test -->
