<?xml version="1.0" encoding="UTF-8"?>
<!-- Generated by org.testng.reporters.JUnitXMLReporter -->
<testsuite hostname="LAPTOP-D2ATB4FR" ignored="0" name="Flipkart Test" tests="4" failures="0" timestamp="30 Jun 2020 04:56:34 GMT" time="167.936" errors="0">
  <testcase name="login" time="104.946" classname="pkjTestCasesClasses.Test_Login_To_Flipkart"/>
  <testcase name="login" time="108.85" classname="pkjTestCasesClasses.Test_Check_Login_To_Flipkart"/>
  <testcase name="login" time="42.827" classname="pkjTestCasesClasses.Test_Login_To_Flipkart"/>
  <testcase name="login" time="42.878" classname="pkjTestCasesClasses.Test_Check_Login_To_Flipkart"/>
</testsuite> <!-- Flipkart Test -->
