<?xml version="1.0" encoding="UTF-8"?>
<!-- Generated by org.testng.reporters.JUnitXMLReporter -->
<testsuite hostname="LAPTOP-D2ATB4FR" ignored="0" name="Flipkart Test1" tests="4" failures="0" timestamp="18 Jul 2020 09:29:29 GMT" time="108.586" errors="0">
  <testcase name="login" time="43.78" classname="pkjTestCasesClasses.Test_Check_Login_To_Flipkart"/>
  <testcase name="login" time="43.484" classname="pkjTestCasesClasses.Test_Login_To_Flipkart"/>
  <testcase name="login" time="43.241" classname="pkjTestCasesClasses.Test_Check_Login_To_Flipkart"/>
  <testcase name="login" time="43.279" classname="pkjTestCasesClasses.Test_Login_To_Flipkart"/>
</testsuite> <!-- Flipkart Test1 -->
