<?xml version="1.0" encoding="UTF-8"?>
<testng-results skipped="0" failed="0" ignored="0" total="2" passed="2">
  <reporter-output>
  </reporter-output>
  <suite name="Flipkart" duration-ms="102024" started-at="2021-02-08T12:50:24Z" finished-at="2021-02-08T12:52:06Z">
    <groups>
    </groups>
    <test name="Flipkart Test" duration-ms="102024" started-at="2021-02-08T12:50:24Z" finished-at="2021-02-08T12:52:06Z">
      <class name="pkjTestCasesClasses.Test_Login_To_Flipkart">
        <test-method status="PASS" signature="beforeSuite()[pri:0, instance:pkjTestCasesClasses.Test_Login_To_Flipkart@467aecef]" name="beforeSuite" is-config="true" duration-ms="218" started-at="2021-02-08T12:50:23Z" finished-at="2021-02-08T12:50:24Z">
          <reporter-output>
          </reporter-output>
        </test-method> <!-- beforeSuite -->
        <test-method status="PASS" signature="beforeTest(java.lang.String)[pri:0, instance:pkjTestCasesClasses.Test_Login_To_Flipkart@467aecef]" name="beforeTest" is-config="true" duration-ms="15347" started-at="2021-02-08T12:50:24Z" finished-at="2021-02-08T12:50:39Z">
          <params>
            <param index="0">
              <value>
                <![CDATA[Chrome]]>
              </value>
            </param>
          </params>
          <reporter-output>
          </reporter-output>
        </test-method> <!-- beforeTest -->
        <test-method status="PASS" signature="login(java.lang.String, java.lang.String)[pri:0, instance:pkjTestCasesClasses.Test_Login_To_Flipkart@467aecef]" name="login" duration-ms="42900" started-at="2021-02-08T12:50:40Z" data-provider="getData" finished-at="2021-02-08T12:51:23Z">
          <params>
            <param index="0">
              <value>
                <![CDATA[user3]]>
              </value>
            </param>
            <param index="1">
              <value>
                <![CDATA[vsdf]]>
              </value>
            </param>
          </params>
          <reporter-output>
          </reporter-output>
        </test-method> <!-- login -->
        <test-method status="PASS" signature="login(java.lang.String, java.lang.String)[pri:0, instance:pkjTestCasesClasses.Test_Login_To_Flipkart@467aecef]" name="login" duration-ms="42939" started-at="2021-02-08T12:51:23Z" data-provider="getData" finished-at="2021-02-08T12:52:06Z">
          <params>
            <param index="0">
              <value>
                <![CDATA[usr4]]>
              </value>
            </param>
            <param index="1">
              <value>
                <![CDATA[fdgssss]]>
              </value>
            </param>
          </params>
          <reporter-output>
          </reporter-output>
        </test-method> <!-- login -->
        <test-method status="PASS" signature="afterTest()[pri:0, instance:pkjTestCasesClasses.Test_Login_To_Flipkart@467aecef]" name="afterTest" is-config="true" duration-ms="156" started-at="2021-02-08T12:52:06Z" finished-at="2021-02-08T12:52:06Z">
          <reporter-output>
          </reporter-output>
        </test-method> <!-- afterTest -->
        <test-method status="PASS" signature="afterSuite()[pri:0, instance:pkjTestCasesClasses.Test_Login_To_Flipkart@467aecef]" name="afterSuite" is-config="true" duration-ms="906" started-at="2021-02-08T12:52:06Z" finished-at="2021-02-08T12:52:07Z">
          <reporter-output>
          </reporter-output>
        </test-method> <!-- afterSuite -->
      </class> <!-- pkjTestCasesClasses.Test_Login_To_Flipkart -->
    </test> <!-- Flipkart Test -->
  </suite> <!-- Flipkart -->
</testng-results>
