<?xml version="1.0" encoding="UTF-8"?>
<testng-results ignored="0" total="2" passed="2" failed="0" skipped="0">
  <reporter-output>
  </reporter-output>
  <suite started-at="2021-02-09T02:52:23Z" name="Flipkart" finished-at="2021-02-09T02:54:06Z" duration-ms="102656">
    <groups>
    </groups>
    <test started-at="2021-02-09T02:52:23Z" name="Flipkart Test" finished-at="2021-02-09T02:54:06Z" duration-ms="102656">
      <class name="pkjTestCasesClasses.Test_Login_To_Flipkart">
        <test-method is-config="true" signature="beforeSuite()[pri:0, instance:pkjTestCasesClasses.Test_Login_To_Flipkart@47faa49c]" started-at="2021-02-09T02:52:23Z" name="beforeSuite" finished-at="2021-02-09T02:52:23Z" duration-ms="317" status="PASS">
          <reporter-output>
          </reporter-output>
        </test-method> <!-- beforeSuite -->
        <test-method is-config="true" signature="beforeTest(java.lang.String)[pri:0, instance:pkjTestCasesClasses.Test_Login_To_Flipkart@47faa49c]" started-at="2021-02-09T02:52:23Z" name="beforeTest" finished-at="2021-02-09T02:52:39Z" duration-ms="15200" status="PASS">
          <params>
            <param index="0">
              <value>
                <![CDATA[Chrome]]>
              </value>
            </param>
          </params>
          <reporter-output>
          </reporter-output>
        </test-method> <!-- beforeTest -->
        <test-method signature="login(java.lang.String, java.lang.String)[pri:0, instance:pkjTestCasesClasses.Test_Login_To_Flipkart@47faa49c]" started-at="2021-02-09T02:52:40Z" name="login" data-provider="getData" finished-at="2021-02-09T02:53:23Z" duration-ms="43754" status="PASS">
          <params>
            <param index="0">
              <value>
                <![CDATA[user3]]>
              </value>
            </param>
            <param index="1">
              <value>
                <![CDATA[vsdf]]>
              </value>
            </param>
          </params>
          <reporter-output>
          </reporter-output>
        </test-method> <!-- login -->
        <test-method signature="login(java.lang.String, java.lang.String)[pri:0, instance:pkjTestCasesClasses.Test_Login_To_Flipkart@47faa49c]" started-at="2021-02-09T02:53:23Z" name="login" data-provider="getData" finished-at="2021-02-09T02:54:06Z" duration-ms="42679" status="PASS">
          <params>
            <param index="0">
              <value>
                <![CDATA[usr4]]>
              </value>
            </param>
            <param index="1">
              <value>
                <![CDATA[fdgssss]]>
              </value>
            </param>
          </params>
          <reporter-output>
          </reporter-output>
        </test-method> <!-- login -->
        <test-method is-config="true" signature="afterTest()[pri:0, instance:pkjTestCasesClasses.Test_Login_To_Flipkart@47faa49c]" started-at="2021-02-09T02:54:06Z" name="afterTest" finished-at="2021-02-09T02:54:06Z" duration-ms="113" status="PASS">
          <reporter-output>
          </reporter-output>
        </test-method> <!-- afterTest -->
        <test-method is-config="true" signature="afterSuite()[pri:0, instance:pkjTestCasesClasses.Test_Login_To_Flipkart@47faa49c]" started-at="2021-02-09T02:54:06Z" name="afterSuite" finished-at="2021-02-09T02:54:07Z" duration-ms="885" status="PASS">
          <reporter-output>
          </reporter-output>
        </test-method> <!-- afterSuite -->
      </class> <!-- pkjTestCasesClasses.Test_Login_To_Flipkart -->
    </test> <!-- Flipkart Test -->
  </suite> <!-- Flipkart -->
</testng-results>
