<?xml version="1.0" encoding="UTF-8"?>
<testsuite xmlns:xsi="http://www.w3.org/2001/XMLSchema-instance" xsi:noNamespaceSchemaLocation="https://maven.apache.org/surefire/maven-surefire-plugin/xsd/surefire-test-report-3.0.xsd" version="3.0" name="TestSuite" time="606.214" tests="5" errors="0" skipped="4" failures="1">
  <properties>
[...]
</properties>
  <testcase name="beforeTest" classname="pkjTestCasesClasses.Test_Login_To_Flipkart" time="605.298">
    <failure message="session not created&#10;from timeout: Timed out receiving message from renderer: 600.000&#10;  (Session info: chrome=88.0.4324.146)&#10;Build info: version: &apos;3.5.3&apos;, revision: &apos;a88d25fe6b&apos;, time: &apos;2017-08-29T12:42:44.417Z&apos;&#10;System info: host: &apos;LAPTOP-D2ATB4FR&apos;, ip: &apos;192.168.0.102&apos;, os.name: &apos;Windows 10&apos;, os.arch: &apos;amd64&apos;, os.version: &apos;10.0&apos;, java.version: &apos;11.0.2&apos;&#10;Driver info: driver.version: ChromeDriver&#10;remote stacktrace: Backtrace:&#10;	Ordinal0 [0x00DEC0C3+3326147]&#10;	Ordinal0 [0x00CD0851+2164817]&#10;	Ordinal0 [0x00B57298+619160]&#10;	Ordinal0 [0x00B4B17F+569727]&#10;	Ordinal0 [0x00B4A421+566305]&#10;	Ordinal0 [0x00B4A815+567317]&#10;	Ordinal0 [0x00B4A135+565557]&#10;	Ordinal0 [0x00B538B1+604337]&#10;	Ordinal0 [0x00B4A0F1+565489]&#10;	Ordinal0 [0x00B4AEA2+568994]&#10;	Ordinal0 [0x00B4A421+566305]&#10;	Ordinal0 [0x00B4A815+567317]&#10;	Ordinal0 [0x00B4A135+565557]&#10;	Ordinal0 [0x00B51D2C+597292]&#10;	Ordinal0 [0x00B4A0F1+565489]&#10;	Ordinal0 [0x00B4AEA2+568994]&#10;	Ordinal0 [0x00B4A421+566305]&#10;	Ordinal0 [0x00B4A815+567317]&#10;	Ordinal0 [0x00B4A135+565557]&#10;	Ordinal0 [0x00B4FE62+589410]&#10;	Ordinal0 [0x00B4A0F1+565489]&#10;	Ordinal0 [0x00B4AEA2+568994]&#10;	Ordinal0 [0x00B4A421+566305]&#10;	Ordinal0 [0x00B4A815+567317]&#10;	Ordinal0 [0x00B4A135+565557]&#10;	Ordinal0 [0x00B4F075+585845]&#10;	Ordinal0 [0x00B4A0F1+565489]&#10;	Ordinal0 [0x00B4AEA2+568994]&#10;	Ordinal0 [0x00B4A421+566305]&#10;	Ordinal0 [0x00B4A815+567317]&#10;	Ordinal0 [0x00B4A135+565557]&#10;	Ordinal0 [0x00B46776+550774]&#10;	Ordinal0 [0x00B4A0F1+565489]&#10;	Ordinal0 [0x00B49F13+565011]&#10;	Ordinal0 [0x00B49D07+564487]&#10;	Ordinal0 [0x00B582C0+623296]&#10;	Ordinal0 [0x00AF6BDD+224221]&#10;	Ordinal0 [0x00AF5CAC+220332]&#10;	Ordinal0 [0x00AF189B+202907]&#10;	Ordinal0 [0x00AD3DF4+81396]&#10;	Ordinal0 [0x00AD4DEE+85486]&#10;	Ordinal0 [0x00AD4D79+85369]&#10;	Ordinal0 [0x00CE85DC+2262492]&#10;	GetHandleVerifier [0x00F72874+1487204]&#10;	GetHandleVerifier [0x00F723CD+1486013]&#10;	GetHandleVerifier [0x00F7A368+1518680]&#10;	GetHandleVerifier [0x00F72F4E+1488958]&#10;	Ordinal0 [0x00CDED0D+2223373]&#10;	Ordinal0 [0x00CEA12B+2269483]&#10;	Ordinal0 [0x00CEA26F+2269807]&#10;	Ordinal0 [0x00CFECB8+2354360]&#10;	BaseThreadInitThunk [0x776AFA29+25]&#10;	RtlGetAppContainerNamedObjectPath [0x778F75F4+228]&#10;	RtlGetAppContainerNamedObjectPath [0x778F75C4+180]&#10;" type="org.openqa.selenium.SessionNotCreatedException"><![CDATA[org.openqa.selenium.SessionNotCreatedException: 
session not created
from timeout: Timed out receiving message from renderer: 600.000
  (Session info: chrome=88.0.4324.146)
Build info: version: '3.5.3', revision: 'a88d25fe6b', time: '2017-08-29T12:42:44.417Z'
System info: host: 'LAPTOP-D2ATB4FR', ip: '192.168.0.102', os.name: 'Windows 10', os.arch: 'amd64', os.version: '10.0', java.version: '11.0.2'
Driver info: driver.version: ChromeDriver
remote stacktrace: Backtrace:
	Ordinal0 [0x00DEC0C3+3326147]
	Ordinal0 [0x00CD0851+2164817]
	Ordinal0 [0x00B57298+619160]
	Ordinal0 [0x00B4B17F+569727]
	Ordinal0 [0x00B4A421+566305]
	Ordinal0 [0x00B4A815+567317]
	Ordinal0 [0x00B4A135+565557]
	Ordinal0 [0x00B538B1+604337]
	Ordinal0 [0x00B4A0F1+565489]
	Ordinal0 [0x00B4AEA2+568994]
	Ordinal0 [0x00B4A421+566305]
	Ordinal0 [0x00B4A815+567317]
	Ordinal0 [0x00B4A135+565557]
	Ordinal0 [0x00B51D2C+597292]
	Ordinal0 [0x00B4A0F1+565489]
	Ordinal0 [0x00B4AEA2+568994]
	Ordinal0 [0x00B4A421+566305]
	Ordinal0 [0x00B4A815+567317]
	Ordinal0 [0x00B4A135+565557]
	Ordinal0 [0x00B4FE62+589410]
	Ordinal0 [0x00B4A0F1+565489]
	Ordinal0 [0x00B4AEA2+568994]
	Ordinal0 [0x00B4A421+566305]
	Ordinal0 [0x00B4A815+567317]
	Ordinal0 [0x00B4A135+565557]
	Ordinal0 [0x00B4F075+585845]
	Ordinal0 [0x00B4A0F1+565489]
	Ordinal0 [0x00B4AEA2+568994]
	Ordinal0 [0x00B4A421+566305]
	Ordinal0 [0x00B4A815+567317]
	Ordinal0 [0x00B4A135+565557]
	Ordinal0 [0x00B46776+550774]
	Ordinal0 [0x00B4A0F1+565489]
	Ordinal0 [0x00B49F13+565011]
	Ordinal0 [0x00B49D07+564487]
	Ordinal0 [0x00B582C0+623296]
	Ordinal0 [0x00AF6BDD+224221]
	Ordinal0 [0x00AF5CAC+220332]
	Ordinal0 [0x00AF189B+202907]
	Ordinal0 [0x00AD3DF4+81396]
	Ordinal0 [0x00AD4DEE+85486]
	Ordinal0 [0x00AD4D79+85369]
	Ordinal0 [0x00CE85DC+2262492]
	GetHandleVerifier [0x00F72874+1487204]
	GetHandleVerifier [0x00F723CD+1486013]
	GetHandleVerifier [0x00F7A368+1518680]
	GetHandleVerifier [0x00F72F4E+1488958]
	Ordinal0 [0x00CDED0D+2223373]
	Ordinal0 [0x00CEA12B+2269483]
	Ordinal0 [0x00CEA26F+2269807]
	Ordinal0 [0x00CFECB8+2354360]
	BaseThreadInitThunk [0x776AFA29+25]
	RtlGetAppContainerNamedObjectPath [0x778F75F4+228]
	RtlGetAppContainerNamedObjectPath [0x778F75C4+180]

	at pkjTestCasesClasses.Test_Login_To_Flipkart.beforeTest(Test_Login_To_Flipkart.java:46)
]]></failure>
    <system-out><![CDATA[I am Object0
I am config Constructor..
I am config Constructor..
I am LoginPage constructor...
I am Before Suite...of test 2
Calling Create Parent Folder
Parent Folder Created...C:\Users\vijay\git\newFramework\NewFramework\test-output\08-Feb-2021 07.46 PM
Calling Create Html Report
New Html Report created...
Calling Create Sub Foler()
Sub Folder Created....C:\Users\vijay\git\newFramework\NewFramework\test-output\08-Feb-2021 07.46 PM\Test_Login_To_Flipkart
Calling Create New Test Report
New Test is created in Html report
]]></system-out>
    <system-err><![CDATA[Starting ChromeDriver 87.0.4280.88 (89e2380a3e36c3464b5dd1302349b1382549290d-refs/branch-heads/4280@{#1761}) on port 19033
Only local connections are allowed.
Please see https://chromedriver.chromium.org/security-considerations for suggestions on keeping ChromeDriver safe.
ChromeDriver was started successfully.
[1612793785.087][WARNING]: This version of ChromeDriver has not been tested with Chrome version 88.
[1612794387.442][SEVERE]: Timed out receiving message from renderer: 600.000
]]></system-err>
  </testcase>
  <testcase name="login" classname="pkjTestCasesClasses.Test_Login_To_Flipkart" time="0">
    <skipped message="session not created&#10;from timeout: Timed out receiving message from renderer: 600.000&#10;  (Session info: chrome=88.0.4324.146)&#10;Build info: version: &apos;3.5.3&apos;, revision: &apos;a88d25fe6b&apos;, time: &apos;2017-08-29T12:42:44.417Z&apos;&#10;System info: host: &apos;LAPTOP-D2ATB4FR&apos;, ip: &apos;192.168.0.102&apos;, os.name: &apos;Windows 10&apos;, os.arch: &apos;amd64&apos;, os.version: &apos;10.0&apos;, java.version: &apos;11.0.2&apos;&#10;Driver info: driver.version: ChromeDriver&#10;remote stacktrace: Backtrace:&#10;	Ordinal0 [0x00DEC0C3+3326147]&#10;	Ordinal0 [0x00CD0851+2164817]&#10;	Ordinal0 [0x00B57298+619160]&#10;	Ordinal0 [0x00B4B17F+569727]&#10;	Ordinal0 [0x00B4A421+566305]&#10;	Ordinal0 [0x00B4A815+567317]&#10;	Ordinal0 [0x00B4A135+565557]&#10;	Ordinal0 [0x00B538B1+604337]&#10;	Ordinal0 [0x00B4A0F1+565489]&#10;	Ordinal0 [0x00B4AEA2+568994]&#10;	Ordinal0 [0x00B4A421+566305]&#10;	Ordinal0 [0x00B4A815+567317]&#10;	Ordinal0 [0x00B4A135+565557]&#10;	Ordinal0 [0x00B51D2C+597292]&#10;	Ordinal0 [0x00B4A0F1+565489]&#10;	Ordinal0 [0x00B4AEA2+568994]&#10;	Ordinal0 [0x00B4A421+566305]&#10;	Ordinal0 [0x00B4A815+567317]&#10;	Ordinal0 [0x00B4A135+565557]&#10;	Ordinal0 [0x00B4FE62+589410]&#10;	Ordinal0 [0x00B4A0F1+565489]&#10;	Ordinal0 [0x00B4AEA2+568994]&#10;	Ordinal0 [0x00B4A421+566305]&#10;	Ordinal0 [0x00B4A815+567317]&#10;	Ordinal0 [0x00B4A135+565557]&#10;	Ordinal0 [0x00B4F075+585845]&#10;	Ordinal0 [0x00B4A0F1+565489]&#10;	Ordinal0 [0x00B4AEA2+568994]&#10;	Ordinal0 [0x00B4A421+566305]&#10;	Ordinal0 [0x00B4A815+567317]&#10;	Ordinal0 [0x00B4A135+565557]&#10;	Ordinal0 [0x00B46776+550774]&#10;	Ordinal0 [0x00B4A0F1+565489]&#10;	Ordinal0 [0x00B49F13+565011]&#10;	Ordinal0 [0x00B49D07+564487]&#10;	Ordinal0 [0x00B582C0+623296]&#10;	Ordinal0 [0x00AF6BDD+224221]&#10;	Ordinal0 [0x00AF5CAC+220332]&#10;	Ordinal0 [0x00AF189B+202907]&#10;	Ordinal0 [0x00AD3DF4+81396]&#10;	Ordinal0 [0x00AD4DEE+85486]&#10;	Ordinal0 [0x00AD4D79+85369]&#10;	Ordinal0 [0x00CE85DC+2262492]&#10;	GetHandleVerifier [0x00F72874+1487204]&#10;	GetHandleVerifier [0x00F723CD+1486013]&#10;	GetHandleVerifier [0x00F7A368+1518680]&#10;	GetHandleVerifier [0x00F72F4E+1488958]&#10;	Ordinal0 [0x00CDED0D+2223373]&#10;	Ordinal0 [0x00CEA12B+2269483]&#10;	Ordinal0 [0x00CEA26F+2269807]&#10;	Ordinal0 [0x00CFECB8+2354360]&#10;	BaseThreadInitThunk [0x776AFA29+25]&#10;	RtlGetAppContainerNamedObjectPath [0x778F75F4+228]&#10;	RtlGetAppContainerNamedObjectPath [0x778F75C4+180]&#10;"/>
    <system-out><![CDATA[I am Total Rows....
I am Total Rows....5
I am test rows...
I am testColumn...
testcolumn= 3
I am testColumn...
testcolumn= 3
startRowNum= 4
endRowNum= 5
testRows= 2
I am Parent For loop I= 0
Value written in If 
I am Child For loop j= user3
Value written in If 
I am Child For loop j= vsdf
I am Parent For loop I= 1
Value written in If 
I am Child For loop j= usr4
Value written in If 
I am Child For loop j= fdgssss
Returning to Data Provider 
]]></system-out>
  </testcase>
  <testcase name="login" classname="pkjTestCasesClasses.Test_Login_To_Flipkart" time="0">
    <skipped message="session not created&#10;from timeout: Timed out receiving message from renderer: 600.000&#10;  (Session info: chrome=88.0.4324.146)&#10;Build info: version: &apos;3.5.3&apos;, revision: &apos;a88d25fe6b&apos;, time: &apos;2017-08-29T12:42:44.417Z&apos;&#10;System info: host: &apos;LAPTOP-D2ATB4FR&apos;, ip: &apos;192.168.0.102&apos;, os.name: &apos;Windows 10&apos;, os.arch: &apos;amd64&apos;, os.version: &apos;10.0&apos;, java.version: &apos;11.0.2&apos;&#10;Driver info: driver.version: ChromeDriver&#10;remote stacktrace: Backtrace:&#10;	Ordinal0 [0x00DEC0C3+3326147]&#10;	Ordinal0 [0x00CD0851+2164817]&#10;	Ordinal0 [0x00B57298+619160]&#10;	Ordinal0 [0x00B4B17F+569727]&#10;	Ordinal0 [0x00B4A421+566305]&#10;	Ordinal0 [0x00B4A815+567317]&#10;	Ordinal0 [0x00B4A135+565557]&#10;	Ordinal0 [0x00B538B1+604337]&#10;	Ordinal0 [0x00B4A0F1+565489]&#10;	Ordinal0 [0x00B4AEA2+568994]&#10;	Ordinal0 [0x00B4A421+566305]&#10;	Ordinal0 [0x00B4A815+567317]&#10;	Ordinal0 [0x00B4A135+565557]&#10;	Ordinal0 [0x00B51D2C+597292]&#10;	Ordinal0 [0x00B4A0F1+565489]&#10;	Ordinal0 [0x00B4AEA2+568994]&#10;	Ordinal0 [0x00B4A421+566305]&#10;	Ordinal0 [0x00B4A815+567317]&#10;	Ordinal0 [0x00B4A135+565557]&#10;	Ordinal0 [0x00B4FE62+589410]&#10;	Ordinal0 [0x00B4A0F1+565489]&#10;	Ordinal0 [0x00B4AEA2+568994]&#10;	Ordinal0 [0x00B4A421+566305]&#10;	Ordinal0 [0x00B4A815+567317]&#10;	Ordinal0 [0x00B4A135+565557]&#10;	Ordinal0 [0x00B4F075+585845]&#10;	Ordinal0 [0x00B4A0F1+565489]&#10;	Ordinal0 [0x00B4AEA2+568994]&#10;	Ordinal0 [0x00B4A421+566305]&#10;	Ordinal0 [0x00B4A815+567317]&#10;	Ordinal0 [0x00B4A135+565557]&#10;	Ordinal0 [0x00B46776+550774]&#10;	Ordinal0 [0x00B4A0F1+565489]&#10;	Ordinal0 [0x00B49F13+565011]&#10;	Ordinal0 [0x00B49D07+564487]&#10;	Ordinal0 [0x00B582C0+623296]&#10;	Ordinal0 [0x00AF6BDD+224221]&#10;	Ordinal0 [0x00AF5CAC+220332]&#10;	Ordinal0 [0x00AF189B+202907]&#10;	Ordinal0 [0x00AD3DF4+81396]&#10;	Ordinal0 [0x00AD4DEE+85486]&#10;	Ordinal0 [0x00AD4D79+85369]&#10;	Ordinal0 [0x00CE85DC+2262492]&#10;	GetHandleVerifier [0x00F72874+1487204]&#10;	GetHandleVerifier [0x00F723CD+1486013]&#10;	GetHandleVerifier [0x00F7A368+1518680]&#10;	GetHandleVerifier [0x00F72F4E+1488958]&#10;	Ordinal0 [0x00CDED0D+2223373]&#10;	Ordinal0 [0x00CEA12B+2269483]&#10;	Ordinal0 [0x00CEA26F+2269807]&#10;	Ordinal0 [0x00CFECB8+2354360]&#10;	BaseThreadInitThunk [0x776AFA29+25]&#10;	RtlGetAppContainerNamedObjectPath [0x778F75F4+228]&#10;	RtlGetAppContainerNamedObjectPath [0x778F75C4+180]&#10;"/>
  </testcase>
  <testcase name="afterTest" classname="pkjTestCasesClasses.Test_Login_To_Flipkart" time="0">
    <skipped/>
  </testcase>
  <testcase name="afterSuite" classname="pkjTestCasesClasses.Test_Login_To_Flipkart" time="0">
    <skipped/>
  </testcase>
</testsuite>